<?xml version="1.0" encoding="UTF-8"?>
<testsuite xmlns:xsi="http://www.w3.org/2001/XMLSchema-instance" xsi:noNamespaceSchemaLocation="https://maven.apache.org/surefire/maven-surefire-plugin/xsd/surefire-test-report.xsd" name="com.stock.sweet.sweetstockapi.service.ProductServiceTest" time="0" tests="5" errors="0" skipped="0" failures="0">
  <properties>
[...]
</properties>
  <testcase name="updateProduct" classname="com.stock.sweet.sweetstockapi.service.ProductServiceTest" time="0"/>
  <testcase name="getAllProducts" classname="com.stock.sweet.sweetstockapi.service.ProductServiceTest" time="0"/>
  <testcase name="findProductByUuid" classname="com.stock.sweet.sweetstockapi.service.ProductServiceTest" time="0"/>
  <testcase name="deleteProduct" classname="com.stock.sweet.sweetstockapi.service.ProductServiceTest" time="0"/>
  <testcase name="createProduct" classname="com.stock.sweet.sweetstockapi.service.ProductServiceTest" time="0"/>
</testsuite>